Analysis & Synthesis report for cal_top
Sat Oct 14 10:45:32 2023
Quartus II 64-Bit Version 15.0.0 Build 145 04/22/2015 SJ Full Version


---------------------
; Table of Contents ;
---------------------
  1. Legal Notice
  2. Analysis & Synthesis Summary
  3. Analysis & Synthesis Settings
  4. Parallel Compilation
  5. Analysis & Synthesis Source Files Read
  6. Analysis & Synthesis Resource Usage Summary
  7. Analysis & Synthesis Resource Utilization by Entity
  8. State Machine - |cal_top|KeyValue:keyValue1|state
  9. State Machine - |cal_top|KeyValue:keyValue1|KeyPress:u3|state
 10. State Machine - |cal_top|KeyValue:keyValue1|KeyPress:u2|state
 11. State Machine - |cal_top|KeyValue:keyValue1|KeyPress:u1|state
 12. State Machine - |cal_top|KeyValue:keyValue1|KeyPress:u0|state
 13. General Register Statistics
 14. Inverted Register Statistics
 15. Multiplexer Restructuring Statistics (Restructuring Performed)
 16. Parameter Settings for User Entity Instance: uart_rx:uart_rx_uut
 17. Parameter Settings for User Entity Instance: uart_tx:uart_tx_uut
 18. Post-Synthesis Netlist Statistics for Top Partition
 19. Elapsed Time Per Partition
 20. Analysis & Synthesis Messages



----------------
; Legal Notice ;
----------------
Copyright (C) 1991-2015 Altera Corporation. All rights reserved.
Your use of Altera Corporation's design tools, logic functions 
and other software and tools, and its AMPP partner logic 
functions, and any output files from any of the foregoing 
(including device programming or simulation files), and any 
associated documentation or information are expressly subject 
to the terms and conditions of the Altera Program License 
Subscription Agreement, the Altera Quartus II License Agreement,
the Altera MegaCore Function License Agreement, or other 
applicable license agreement, including, without limitation, 
that your use is for the sole purpose of programming logic 
devices manufactured by Altera and sold by Altera or its 
authorized distributors.  Please refer to the applicable 
agreement for further details.



+----------------------------------------------------------------------------------+
; Analysis & Synthesis Summary                                                     ;
+------------------------------------+---------------------------------------------+
; Analysis & Synthesis Status        ; Successful - Sat Oct 14 10:45:32 2023       ;
; Quartus II 64-Bit Version          ; 15.0.0 Build 145 04/22/2015 SJ Full Version ;
; Revision Name                      ; cal_top                                     ;
; Top-level Entity Name              ; cal_top                                     ;
; Family                             ; Cyclone IV E                                ;
; Total logic elements               ; 420                                         ;
;     Total combinational functions  ; 361                                         ;
;     Dedicated logic registers      ; 260                                         ;
; Total registers                    ; 260                                         ;
; Total pins                         ; 23                                          ;
; Total virtual pins                 ; 0                                           ;
; Total memory bits                  ; 0                                           ;
; Embedded Multiplier 9-bit elements ; 0                                           ;
; Total PLLs                         ; 0                                           ;
+------------------------------------+---------------------------------------------+


+----------------------------------------------------------------------------------------------------------------------+
; Analysis & Synthesis Settings                                                                                        ;
+----------------------------------------------------------------------------+--------------------+--------------------+
; Option                                                                     ; Setting            ; Default Value      ;
+----------------------------------------------------------------------------+--------------------+--------------------+
; Device                                                                     ; EP4CE40F23C8       ;                    ;
; Top-level entity name                                                      ; cal_top            ; cal_top            ;
; Family name                                                                ; Cyclone IV E       ; Cyclone V          ;
; Use smart compilation                                                      ; Off                ; Off                ;
; Enable parallel Assembler and TimeQuest Timing Analyzer during compilation ; On                 ; On                 ;
; Enable compact report table                                                ; Off                ; Off                ;
; Restructure Multiplexers                                                   ; Auto               ; Auto               ;
; Create Debugging Nodes for IP Cores                                        ; Off                ; Off                ;
; Preserve fewer node names                                                  ; On                 ; On                 ;
; Disable OpenCore Plus hardware evaluation                                  ; Off                ; Off                ;
; Verilog Version                                                            ; Verilog_2001       ; Verilog_2001       ;
; VHDL Version                                                               ; VHDL_1993          ; VHDL_1993          ;
; State Machine Processing                                                   ; Auto               ; Auto               ;
; Safe State Machine                                                         ; Off                ; Off                ;
; Extract Verilog State Machines                                             ; On                 ; On                 ;
; Extract VHDL State Machines                                                ; On                 ; On                 ;
; Ignore Verilog initial constructs                                          ; Off                ; Off                ;
; Iteration limit for constant Verilog loops                                 ; 5000               ; 5000               ;
; Iteration limit for non-constant Verilog loops                             ; 250                ; 250                ;
; Add Pass-Through Logic to Inferred RAMs                                    ; On                 ; On                 ;
; Infer RAMs from Raw Logic                                                  ; On                 ; On                 ;
; Parallel Synthesis                                                         ; On                 ; On                 ;
; DSP Block Balancing                                                        ; Auto               ; Auto               ;
; NOT Gate Push-Back                                                         ; On                 ; On                 ;
; Power-Up Don't Care                                                        ; On                 ; On                 ;
; Remove Redundant Logic Cells                                               ; Off                ; Off                ;
; Remove Duplicate Registers                                                 ; On                 ; On                 ;
; Ignore CARRY Buffers                                                       ; Off                ; Off                ;
; Ignore CASCADE Buffers                                                     ; Off                ; Off                ;
; Ignore GLOBAL Buffers                                                      ; Off                ; Off                ;
; Ignore ROW GLOBAL Buffers                                                  ; Off                ; Off                ;
; Ignore LCELL Buffers                                                       ; Off                ; Off                ;
; Ignore SOFT Buffers                                                        ; On                 ; On                 ;
; Limit AHDL Integers to 32 Bits                                             ; Off                ; Off                ;
; Optimization Technique                                                     ; Balanced           ; Balanced           ;
; Carry Chain Length                                                         ; 70                 ; 70                 ;
; Auto Carry Chains                                                          ; On                 ; On                 ;
; Auto Open-Drain Pins                                                       ; On                 ; On                 ;
; Perform WYSIWYG Primitive Resynthesis                                      ; Off                ; Off                ;
; Auto ROM Replacement                                                       ; On                 ; On                 ;
; Auto RAM Replacement                                                       ; On                 ; On                 ;
; Auto DSP Block Replacement                                                 ; On                 ; On                 ;
; Auto Shift Register Replacement                                            ; Auto               ; Auto               ;
; Allow Shift Register Merging across Hierarchies                            ; Auto               ; Auto               ;
; Auto Clock Enable Replacement                                              ; On                 ; On                 ;
; Strict RAM Replacement                                                     ; Off                ; Off                ;
; Allow Synchronous Control Signals                                          ; On                 ; On                 ;
; Force Use of Synchronous Clear Signals                                     ; Off                ; Off                ;
; Auto RAM Block Balancing                                                   ; On                 ; On                 ;
; Auto RAM to Logic Cell Conversion                                          ; Off                ; Off                ;
; Auto Resource Sharing                                                      ; Off                ; Off                ;
; Allow Any RAM Size For Recognition                                         ; Off                ; Off                ;
; Allow Any ROM Size For Recognition                                         ; Off                ; Off                ;
; Allow Any Shift Register Size For Recognition                              ; Off                ; Off                ;
; Use LogicLock Constraints during Resource Balancing                        ; On                 ; On                 ;
; Ignore translate_off and synthesis_off directives                          ; Off                ; Off                ;
; Timing-Driven Synthesis                                                    ; On                 ; On                 ;
; Report Parameter Settings                                                  ; On                 ; On                 ;
; Report Source Assignments                                                  ; On                 ; On                 ;
; Report Connectivity Checks                                                 ; On                 ; On                 ;
; Ignore Maximum Fan-Out Assignments                                         ; Off                ; Off                ;
; Synchronization Register Chain Length                                      ; 2                  ; 2                  ;
; PowerPlay Power Optimization During Synthesis                              ; Normal compilation ; Normal compilation ;
; HDL message level                                                          ; Level2             ; Level2             ;
; Suppress Register Optimization Related Messages                            ; Off                ; Off                ;
; Number of Removed Registers Reported in Synthesis Report                   ; 5000               ; 5000               ;
; Number of Swept Nodes Reported in Synthesis Report                         ; 5000               ; 5000               ;
; Number of Inverted Registers Reported in Synthesis Report                  ; 100                ; 100                ;
; Clock MUX Protection                                                       ; On                 ; On                 ;
; Auto Gated Clock Conversion                                                ; Off                ; Off                ;
; Block Design Naming                                                        ; Auto               ; Auto               ;
; SDC constraint protection                                                  ; Off                ; Off                ;
; Synthesis Effort                                                           ; Auto               ; Auto               ;
; Shift Register Replacement - Allow Asynchronous Clear Signal               ; On                 ; On                 ;
; Pre-Mapping Resynthesis Optimization                                       ; Off                ; Off                ;
; Analysis & Synthesis Message Level                                         ; Medium             ; Medium             ;
; Disable Register Merging Across Hierarchies                                ; Auto               ; Auto               ;
; Resource Aware Inference For Block RAM                                     ; On                 ; On                 ;
; Synthesis Seed                                                             ; 1                  ; 1                  ;
+----------------------------------------------------------------------------+--------------------+--------------------+


+------------------------------------------+
; Parallel Compilation                     ;
+----------------------------+-------------+
; Processors                 ; Number      ;
+----------------------------+-------------+
; Number detected on machine ; 16          ;
; Maximum allowed            ; 16          ;
;                            ;             ;
; Average used               ; 1.00        ;
; Maximum used               ; 7           ;
;                            ;             ;
; Usage by Processor         ; % Time Used ;
;     Processor 1            ; 100.0%      ;
;     Processors 2-7         ; < 0.1%      ;
;     Processors 8-16        ;   0.0%      ;
+----------------------------+-------------+


+-------------------------------------------------------------------------------------------------------------------------------------------+
; Analysis & Synthesis Source Files Read                                                                                                    ;
+----------------------------------+-----------------+------------------------+---------------------------------------------------+---------+
; File Name with User-Entered Path ; Used in Netlist ; File Type              ; File Name with Absolute Path                      ; Library ;
+----------------------------------+-----------------+------------------------+---------------------------------------------------+---------+
; ../src/uart_tx.v                 ; yes             ; User Verilog HDL File  ; D:/my_file/project_fpga/cal_top/src/uart_tx.v     ;         ;
; ../src/uart_rx.v                 ; yes             ; User Verilog HDL File  ; D:/my_file/project_fpga/cal_top/src/uart_rx.v     ;         ;
; ../src/showControl.v             ; yes             ; User Verilog HDL File  ; D:/my_file/project_fpga/cal_top/src/showControl.v ;         ;
; ../src/keyValue.v                ; yes             ; User Verilog HDL File  ; D:/my_file/project_fpga/cal_top/src/keyValue.v    ;         ;
; ../src/keyPress.v                ; yes             ; User Verilog HDL File  ; D:/my_file/project_fpga/cal_top/src/keyPress.v    ;         ;
; ../src/cal_top.v                 ; yes             ; User Verilog HDL File  ; D:/my_file/project_fpga/cal_top/src/cal_top.v     ;         ;
+----------------------------------+-----------------+------------------------+---------------------------------------------------+---------+


+-------------------------------------------------------------+
; Analysis & Synthesis Resource Usage Summary                 ;
+---------------------------------------------+---------------+
; Resource                                    ; Usage         ;
+---------------------------------------------+---------------+
; Estimated Total logic elements              ; 420           ;
;                                             ;               ;
; Total combinational functions               ; 361           ;
; Logic element usage by number of LUT inputs ;               ;
;     -- 4 input functions                    ; 177           ;
;     -- 3 input functions                    ; 28            ;
;     -- <=2 input functions                  ; 156           ;
;                                             ;               ;
; Logic elements by mode                      ;               ;
;     -- normal mode                          ; 241           ;
;     -- arithmetic mode                      ; 120           ;
;                                             ;               ;
; Total registers                             ; 260           ;
;     -- Dedicated logic registers            ; 260           ;
;     -- I/O registers                        ; 0             ;
;                                             ;               ;
; I/O pins                                    ; 23            ;
;                                             ;               ;
; Embedded Multiplier 9-bit elements          ; 0             ;
;                                             ;               ;
; Maximum fan-out node                        ; sys_clk~input ;
; Maximum fan-out                             ; 257           ;
; Total fan-out                               ; 2076          ;
; Average fan-out                             ; 3.11          ;
+---------------------------------------------+---------------+


+----------------------------------------------------------------------------------------------------------------------------------------------------------------------------------------------------+
; Analysis & Synthesis Resource Utilization by Entity                                                                                                                                                ;
+-------------------------------+-------------------+--------------+-------------+--------------+---------+-----------+------+--------------+-----------------------------------------+--------------+
; Compilation Hierarchy Node    ; LC Combinationals ; LC Registers ; Memory Bits ; DSP Elements ; DSP 9x9 ; DSP 18x18 ; Pins ; Virtual Pins ; Full Hierarchy Name                     ; Library Name ;
+-------------------------------+-------------------+--------------+-------------+--------------+---------+-----------+------+--------------+-----------------------------------------+--------------+
; |cal_top                      ; 361 (0)           ; 260 (0)      ; 0           ; 0            ; 0       ; 0         ; 23   ; 0            ; |cal_top                                ; work         ;
;    |KeyValue:keyValue1|       ; 205 (33)          ; 139 (19)     ; 0           ; 0            ; 0       ; 0         ; 0    ; 0            ; |cal_top|KeyValue:keyValue1             ; work         ;
;       |KeyPress:u0|           ; 43 (43)           ; 30 (30)      ; 0           ; 0            ; 0       ; 0         ; 0    ; 0            ; |cal_top|KeyValue:keyValue1|KeyPress:u0 ; work         ;
;       |KeyPress:u1|           ; 43 (43)           ; 30 (30)      ; 0           ; 0            ; 0       ; 0         ; 0    ; 0            ; |cal_top|KeyValue:keyValue1|KeyPress:u1 ; work         ;
;       |KeyPress:u2|           ; 43 (43)           ; 30 (30)      ; 0           ; 0            ; 0       ; 0         ; 0    ; 0            ; |cal_top|KeyValue:keyValue1|KeyPress:u2 ; work         ;
;       |KeyPress:u3|           ; 43 (43)           ; 30 (30)      ; 0           ; 0            ; 0       ; 0         ; 0    ; 0            ; |cal_top|KeyValue:keyValue1|KeyPress:u3 ; work         ;
;    |ShowControl:showControl1| ; 58 (58)           ; 51 (51)      ; 0           ; 0            ; 0       ; 0         ; 0    ; 0            ; |cal_top|ShowControl:showControl1       ; work         ;
;    |uart_rx:uart_rx_uut|      ; 54 (54)           ; 40 (40)      ; 0           ; 0            ; 0       ; 0         ; 0    ; 0            ; |cal_top|uart_rx:uart_rx_uut            ; work         ;
;    |uart_tx:uart_tx_uut|      ; 44 (44)           ; 30 (30)      ; 0           ; 0            ; 0       ; 0         ; 0    ; 0            ; |cal_top|uart_tx:uart_tx_uut            ; work         ;
+-------------------------------+-------------------+--------------+-------------+--------------+---------+-----------+------+--------------+-----------------------------------------+--------------+
Note: For table entries with two numbers listed, the numbers in parentheses indicate the number of resources of the given type used by the specific entity alone. The numbers listed outside of parentheses indicate the total resources of the given type used by the specific entity and all of its sub-entities in the hierarchy.


Encoding Type:  One-Hot
+---------------------------------------------------------------------------------------------------+
; State Machine - |cal_top|KeyValue:keyValue1|state                                                 ;
+-----------------+----------------+-----------------+---------------+---------------+--------------+
; Name            ; state.ROW_FOUR ; state.ROW_THREE ; state.ROW_TWO ; state.ROW_ONE ; state.NO_KEY ;
+-----------------+----------------+-----------------+---------------+---------------+--------------+
; state.NO_KEY    ; 0              ; 0               ; 0             ; 0             ; 0            ;
; state.ROW_ONE   ; 0              ; 0               ; 0             ; 1             ; 1            ;
; state.ROW_TWO   ; 0              ; 0               ; 1             ; 0             ; 1            ;
; state.ROW_THREE ; 0              ; 1               ; 0             ; 0             ; 1            ;
; state.ROW_FOUR  ; 1              ; 0               ; 0             ; 0             ; 1            ;
+-----------------+----------------+-----------------+---------------+---------------+--------------+


Encoding Type:  One-Hot
+----------------------------------------------------------------------------------------------------+
; State Machine - |cal_top|KeyValue:keyValue1|KeyPress:u3|state                                      ;
+----------------------+----------------------+----------------+----------------------+--------------+
; Name                 ; state.Filter_Down2Up ; state.Key_down ; state.Filter_Up2Down ; state.Key_up ;
+----------------------+----------------------+----------------+----------------------+--------------+
; state.Key_up         ; 0                    ; 0              ; 0                    ; 0            ;
; state.Filter_Up2Down ; 0                    ; 0              ; 1                    ; 1            ;
; state.Key_down       ; 0                    ; 1              ; 0                    ; 1            ;
; state.Filter_Down2Up ; 1                    ; 0              ; 0                    ; 1            ;
+----------------------+----------------------+----------------+----------------------+--------------+


Encoding Type:  One-Hot
+----------------------------------------------------------------------------------------------------+
; State Machine - |cal_top|KeyValue:keyValue1|KeyPress:u2|state                                      ;
+----------------------+----------------------+----------------+----------------------+--------------+
; Name                 ; state.Filter_Down2Up ; state.Key_down ; state.Filter_Up2Down ; state.Key_up ;
+----------------------+----------------------+----------------+----------------------+--------------+
; state.Key_up         ; 0                    ; 0              ; 0                    ; 0            ;
; state.Filter_Up2Down ; 0                    ; 0              ; 1                    ; 1            ;
; state.Key_down       ; 0                    ; 1              ; 0                    ; 1            ;
; state.Filter_Down2Up ; 1                    ; 0              ; 0                    ; 1            ;
+----------------------+----------------------+----------------+----------------------+--------------+


Encoding Type:  One-Hot
+----------------------------------------------------------------------------------------------------+
; State Machine - |cal_top|KeyValue:keyValue1|KeyPress:u1|state                                      ;
+----------------------+----------------------+----------------+----------------------+--------------+
; Name                 ; state.Filter_Down2Up ; state.Key_down ; state.Filter_Up2Down ; state.Key_up ;
+----------------------+----------------------+----------------+----------------------+--------------+
; state.Key_up         ; 0                    ; 0              ; 0                    ; 0            ;
; state.Filter_Up2Down ; 0                    ; 0              ; 1                    ; 1            ;
; state.Key_down       ; 0                    ; 1              ; 0                    ; 1            ;
; state.Filter_Down2Up ; 1                    ; 0              ; 0                    ; 1            ;
+----------------------+----------------------+----------------+----------------------+--------------+


Encoding Type:  One-Hot
+----------------------------------------------------------------------------------------------------+
; State Machine - |cal_top|KeyValue:keyValue1|KeyPress:u0|state                                      ;
+----------------------+----------------------+----------------+----------------------+--------------+
; Name                 ; state.Filter_Down2Up ; state.Key_down ; state.Filter_Up2Down ; state.Key_up ;
+----------------------+----------------------+----------------+----------------------+--------------+
; state.Key_up         ; 0                    ; 0              ; 0                    ; 0            ;
; state.Filter_Up2Down ; 0                    ; 0              ; 1                    ; 1            ;
; state.Key_down       ; 0                    ; 1              ; 0                    ; 1            ;
; state.Filter_Down2Up ; 1                    ; 0              ; 0                    ; 1            ;
+----------------------+----------------------+----------------+----------------------+--------------+


+------------------------------------------------------+
; General Register Statistics                          ;
+----------------------------------------------+-------+
; Statistic                                    ; Value ;
+----------------------------------------------+-------+
; Total registers                              ; 260   ;
; Number of registers using Synchronous Clear  ; 112   ;
; Number of registers using Synchronous Load   ; 0     ;
; Number of registers using Asynchronous Clear ; 254   ;
; Number of registers using Asynchronous Load  ; 0     ;
; Number of registers using Clock Enable       ; 56    ;
; Number of registers using Preset             ; 0     ;
+----------------------------------------------+-------+


+----------------------------------------------------+
; Inverted Register Statistics                       ;
+------------------------------------------+---------+
; Inverted Register                        ; Fan out ;
+------------------------------------------+---------+
; ShowControl:showControl1|SEL[0]          ; 15      ;
; ShowControl:showControl1|SEL[1]          ; 16      ;
; ShowControl:showControl1|SEL[2]          ; 6       ;
; uart_tx:uart_tx_uut|uart_tx              ; 2       ;
; ShowControl:showControl1|clock_1k        ; 4       ;
; KeyValue:keyValue1|KeyPress:u3|KEY_STATE ; 4       ;
; KeyValue:keyValue1|KeyPress:u1|KEY_STATE ; 3       ;
; KeyValue:keyValue1|KeyPress:u2|KEY_STATE ; 4       ;
; KeyValue:keyValue1|KeyPress:u0|KEY_STATE ; 2       ;
; Total number of inverted registers = 9   ;         ;
+------------------------------------------+---------+


+-------------------------------------------------------------------------------------------------------------------------------------------------------+
; Multiplexer Restructuring Statistics (Restructuring Performed)                                                                                        ;
+--------------------+-----------+---------------+----------------------+------------------------+------------+-----------------------------------------+
; Multiplexer Inputs ; Bus Width ; Baseline Area ; Area if Restructured ; Saving if Restructured ; Registered ; Example Multiplexer Output              ;
+--------------------+-----------+---------------+----------------------+------------------------+------------+-----------------------------------------+
; 3:1                ; 4 bits    ; 8 LEs         ; 4 LEs                ; 4 LEs                  ; Yes        ; |cal_top|uart_tx:uart_tx_uut|cnt1[3]    ;
; 3:1                ; 16 bits   ; 32 LEs        ; 16 LEs               ; 16 LEs                 ; Yes        ; |cal_top|uart_tx:uart_tx_uut|cnt0[1]    ;
; 3:1                ; 4 bits    ; 8 LEs         ; 4 LEs                ; 4 LEs                  ; Yes        ; |cal_top|uart_rx:uart_rx_uut|cnt1[0]    ;
; 3:1                ; 16 bits   ; 32 LEs        ; 16 LEs               ; 16 LEs                 ; Yes        ; |cal_top|uart_rx:uart_rx_uut|cnt0[0]    ;
; 16:1               ; 2 bits    ; 20 LEs        ; 4 LEs                ; 16 LEs                 ; Yes        ; |cal_top|KeyValue:keyValue1|colIndex[1] ;
; 8:1                ; 4 bits    ; 20 LEs        ; 20 LEs               ; 0 LEs                  ; No         ; |cal_top|ShowControl:showControl1|Mux0  ;
+--------------------+-----------+---------------+----------------------+------------------------+------------+-----------------------------------------+


+------------------------------------------------------------------+
; Parameter Settings for User Entity Instance: uart_rx:uart_rx_uut ;
+----------------+----------+--------------------------------------+
; Parameter Name ; Value    ; Type                                 ;
+----------------+----------+--------------------------------------+
; CLK_FREQ       ; 50000000 ; Signed Integer                       ;
; UART_BPS       ; 115200   ; Signed Integer                       ;
+----------------+----------+--------------------------------------+
Note: In order to hide this table in the UI and the text report file, please set the "Show Parameter Settings in Synthesis Report" option in "Analysis and Synthesis Settings -> More Settings" to "Off".


+------------------------------------------------------------------+
; Parameter Settings for User Entity Instance: uart_tx:uart_tx_uut ;
+----------------+----------+--------------------------------------+
; Parameter Name ; Value    ; Type                                 ;
+----------------+----------+--------------------------------------+
; CLK_FREQ       ; 50000000 ; Signed Integer                       ;
; UART_BPS       ; 115200   ; Signed Integer                       ;
+----------------+----------+--------------------------------------+
Note: In order to hide this table in the UI and the text report file, please set the "Show Parameter Settings in Synthesis Report" option in "Analysis and Synthesis Settings -> More Settings" to "Off".


+-----------------------------------------------------+
; Post-Synthesis Netlist Statistics for Top Partition ;
+-----------------------+-----------------------------+
; Type                  ; Count                       ;
+-----------------------+-----------------------------+
; boundary_port         ; 23                          ;
; cycloneiii_ff         ; 260                         ;
;     CLR               ; 92                          ;
;     CLR SCLR          ; 112                         ;
;     ENA               ; 6                           ;
;     ENA CLR           ; 50                          ;
; cycloneiii_lcell_comb ; 372                         ;
;     arith             ; 120                         ;
;         2 data inputs ; 118                         ;
;         3 data inputs ; 2                           ;
;     normal            ; 252                         ;
;         0 data inputs ; 1                           ;
;         1 data inputs ; 18                          ;
;         2 data inputs ; 30                          ;
;         3 data inputs ; 26                          ;
;         4 data inputs ; 177                         ;
;                       ;                             ;
; Max LUT depth         ; 5.00                        ;
; Average LUT depth     ; 2.78                        ;
+-----------------------+-----------------------------+


+-------------------------------+
; Elapsed Time Per Partition    ;
+----------------+--------------+
; Partition Name ; Elapsed Time ;
+----------------+--------------+
; Top            ; 00:00:00     ;
+----------------+--------------+


+-------------------------------+
; Analysis & Synthesis Messages ;
+-------------------------------+
Info: *******************************************************************
Info: Running Quartus II 64-Bit Analysis & Synthesis
    Info: Version 15.0.0 Build 145 04/22/2015 SJ Full Version
    Info: Processing started: Sat Oct 14 10:45:24 2023
Info: Command: quartus_map --read_settings_files=on --write_settings_files=off cal_top -c cal_top
Info (20030): Parallel compilation is enabled and will use 16 of the 16 processors detected
Info (12021): Found 1 design units, including 1 entities, in source file /my_file/project_fpga/cal_top/src/uart_tx.v
    Info (12023): Found entity 1: uart_tx
Info (12021): Found 1 design units, including 1 entities, in source file /my_file/project_fpga/cal_top/src/uart_top.v
    Info (12023): Found entity 1: uart_top
Info (12021): Found 1 design units, including 1 entities, in source file /my_file/project_fpga/cal_top/src/uart_rx.v
    Info (12023): Found entity 1: uart_rx
Info (12021): Found 1 design units, including 1 entities, in source file /my_file/project_fpga/cal_top/src/showcontrol.v
    Info (12023): Found entity 1: ShowControl
Info (12021): Found 1 design units, including 1 entities, in source file /my_file/project_fpga/cal_top/src/keyvalue.v
    Info (12023): Found entity 1: KeyValue
Info (12021): Found 1 design units, including 1 entities, in source file /my_file/project_fpga/cal_top/src/keypress.v
    Info (12023): Found entity 1: KeyPress
Info (12021): Found 1 design units, including 1 entities, in source file /my_file/project_fpga/cal_top/src/cal_top.v
    Info (12023): Found entity 1: cal_top
Info (12127): Elaborating entity "cal_top" for the top level hierarchy
Info (12128): Elaborating entity "KeyValue" for hierarchy "KeyValue:keyValue1"
Warning (10230): Verilog HDL assignment warning at keyValue.v(96): truncated value with size 4 to match size of target (2)
Warning (10230): Verilog HDL assignment warning at keyValue.v(108): truncated value with size 4 to match size of target (2)
Warning (10230): Verilog HDL assignment warning at keyValue.v(120): truncated value with size 4 to match size of target (2)
Warning (10230): Verilog HDL assignment warning at keyValue.v(131): truncated value with size 4 to match size of target (2)
Info (12128): Elaborating entity "KeyPress" for hierarchy "KeyValue:keyValue1|KeyPress:u0"
Info (12128): Elaborating entity "ShowControl" for hierarchy "ShowControl:showControl1"
Info (12128): Elaborating entity "uart_rx" for hierarchy "uart_rx:uart_rx_uut"
Warning (10230): Verilog HDL assignment warning at uart_rx.v(75): truncated value with size 32 to match size of target (16)
Warning (10230): Verilog HDL assignment warning at uart_rx.v(90): truncated value with size 32 to match size of target (4)
Info (12128): Elaborating entity "uart_tx" for hierarchy "uart_tx:uart_tx_uut"
Warning (10230): Verilog HDL assignment warning at uart_tx.v(62): truncated value with size 32 to match size of target (16)
Warning (10230): Verilog HDL assignment warning at uart_tx.v(76): truncated value with size 32 to match size of target (4)
Info (13000): Registers with preset signals will power-up high
Info (13003): DEV_CLRn pin will set, and not reset, register with preset signal due to NOT Gate Push-Back
Warning (13024): Output pins are stuck at VCC or GND
    Warning (13410): Pin "SEG[7]" is stuck at GND
Info (286030): Timing-Driven Synthesis is running
Info (16010): Generating hard_block partition "hard_block:auto_generated_inst"
    Info (16011): Adding 0 node(s), including 0 DDIO, 0 PLL, 0 transceiver and 0 LCELL
Info (21057): Implemented 448 device resources after synthesis - the final resource count might be different
    Info (21058): Implemented 7 input pins
    Info (21059): Implemented 16 output pins
    Info (21061): Implemented 425 logic cells
Info: Quartus II 64-Bit Analysis & Synthesis was successful. 0 errors, 10 warnings
    Info: Peak virtual memory: 4941 megabytes
    Info: Processing ended: Sat Oct 14 10:45:32 2023
    Info: Elapsed time: 00:00:08
    Info: Total CPU time (on all processors): 00:00:06


